[32;01m * [39;49;00mPackage:    sys-kernel/spl-0.6.3
[32;01m * [39;49;00mRepository: gentoo_prefix
[32;01m * [39;49;00mMaintainer: ryao@gentoo.org
[32;01m * [39;49;00mUSE:        abi_x86_64 amd64 elibc_glibc kernel_linux prefix userland_GNU
[32;01m * [39;49;00mFEATURES:   preserve-libs userpriv usersandbox
 [32;01m*[0m Determining the location of the kernel source code
 [33;01m*[0m Unable to find kernel sources at /usr/src/linux
 [32;01m*[0m Please make sure that /usr/src/linux points at your running kernel, 
 [32;01m*[0m (or the kernel you wish to build against).
 [32;01m*[0m Alternatively, set the KERNEL_DIR environment variable to the kernel sources location
 [33;01m*[0m Unable to calculate Linux Kernel version for build, attempting to use running version
 [32;01m*[0m Checking for suitable kernel configuration options...
[A[263C [34;01m[ [32;01mok[34;01m ][0m
>>> Unpacking source...
>>> Unpacking spl-0.6.3.tar.gz to /home/core/gentoo/var/tmp/portage/sys-kernel/spl-0.6.3/work
>>> Source unpacked in /home/core/gentoo/var/tmp/portage/sys-kernel/spl-0.6.3/work
>>> Preparing source in /home/core/gentoo/var/tmp/portage/sys-kernel/spl-0.6.3/work/spl-spl-0.6.3 ...
 [32;01m*[0m Applying user patches from /home/core/gentoo/etc/portage/patches//sys-kernel/spl-0.6.3 ...
 [32;01m*[0m   378.patch ...
[A[263C [34;01m[ [32;01mok[34;01m ][0m
 [32;01m*[0m   384.patch ...
[A[263C [34;01m[ [32;01mok[34;01m ][0m
 [32;01m*[0m Done with patching
 [32;01m*[0m Running eautoreconf in '/home/core/gentoo/var/tmp/portage/sys-kernel/spl-0.6.3/work/spl-spl-0.6.3' ...
 [32;01m*[0m Running libtoolize --install --copy --force --automake ...
[A[263C [34;01m[ [32;01mok[34;01m ][0m
 [32;01m*[0m Running aclocal -I config -I config ...
[A[263C [34;01m[ [32;01mok[34;01m ][0m
 [32;01m*[0m Running autoconf -I config ...
[A[263C [34;01m[ [32;01mok[34;01m ][0m
 [32;01m*[0m Running autoheader -I config ...
[A[263C [34;01m[ [32;01mok[34;01m ][0m
 [32;01m*[0m Running automake --add-missing --copy --foreign --force-missing ...
[A[263C [34;01m[ [32;01mok[34;01m ][0m
 [32;01m*[0m Running elibtoolize in: spl-spl-0.6.3/
 [32;01m*[0m   Applying target-nm/2.4.2 patch ...
 [32;01m*[0m Running elibtoolize in: spl-spl-0.6.3/config/
 [32;01m*[0m   Applying portage/1.2.0 patch ...
 [32;01m*[0m   Applying sed/1.5.6 patch ...
 [32;01m*[0m   Applying as-needed/2.4.2 patch ...
>>> Source prepared.
>>> Configuring source in /home/core/gentoo/var/tmp/portage/sys-kernel/spl-0.6.3/work/spl-spl-0.6.3 ...
>>> Working in BUILD_DIR: "/home/core/gentoo/var/tmp/portage/sys-kernel/spl-0.6.3/work/spl-spl-0.6.3"
 * econf: updating spl-spl-0.6.3/config/config.guess with /home/core/gentoo/usr/share/gnuconfig/config.guess
 * econf: updating spl-spl-0.6.3/config/config.sub with /home/core/gentoo/usr/share/gnuconfig/config.sub
/home/core/gentoo/var/tmp/portage/sys-kernel/spl-0.6.3/work/spl-spl-0.6.3/configure --prefix=/home/core/gentoo/usr --build=x86_64-pc-linux-gnu --host=x86_64-pc-linux-gnu --mandir=/home/core/gentoo/usr/share/man --infodir=/home/core/gentoo/usr/share/info --datadir=/home/core/gentoo/usr/share --sysconfdir=/home/core/gentoo/etc --localstatedir=/home/core/gentoo/var/lib --libdir=/home/core/gentoo/usr/lib --disable-dependency-tracking --docdir=/home/core/gentoo/usr/share/doc/spl-0.6.3 --bindir=/home/core/gentoo/bin --sbindir=/home/core/gentoo/sbin --with-config=all --with-linux= --with-linux-obj=/home/core/kernel-coreos-3.16.2 --disable-debug --disable-debug-log --with-linux=/home/core/kernel-coreos-3.16.2
checking for gawk... gawk
checking metadata... META file
checking build system type... x86_64-pc-linux-gnu
checking host system type... x86_64-pc-linux-gnu
checking target system type... x86_64-pc-linux-gnu
checking whether to enable maintainer-specific portions of Makefiles... no
checking whether make supports nested variables... yes
checking for a BSD-compatible install... /home/core/gentoo/usr/bin/install -c
checking whether build environment is sane... yes
checking for a thread-safe mkdir -p... /home/core/gentoo/bin/mkdir -p
checking whether make sets $(MAKE)... yes
checking for x86_64-pc-linux-gnu-gcc... x86_64-pc-linux-gnu-gcc
checking whether the C compiler works... yes
checking for C compiler default output file name... a.out
checking for suffix of executables... 
checking whether we are cross compiling... no
checking for suffix of object files... o
checking whether we are using the GNU C compiler... yes
checking whether x86_64-pc-linux-gnu-gcc accepts -g... yes
checking for x86_64-pc-linux-gnu-gcc option to accept ISO C89... none needed
checking whether x86_64-pc-linux-gnu-gcc understands -c and -o together... yes
checking for style of include used by make... GNU
checking dependency style of x86_64-pc-linux-gnu-gcc... none
checking how to print strings... printf
checking for a sed that does not truncate output... /home/core/gentoo/bin/sed
checking for grep that handles long lines and -e... /home/core/gentoo/bin/grep
checking for egrep... /home/core/gentoo/bin/grep -E
checking for fgrep... /home/core/gentoo/bin/grep -F
checking for ld used by x86_64-pc-linux-gnu-gcc... /home/core/gentoo/usr/x86_64-pc-linux-gnu/bin/ld
checking if the linker (/home/core/gentoo/usr/x86_64-pc-linux-gnu/bin/ld) is GNU ld... yes
checking for BSD- or MS-compatible name lister (nm)... /home/core/gentoo/usr/bin/x86_64-pc-linux-gnu-nm -B
checking the name lister (/home/core/gentoo/usr/bin/x86_64-pc-linux-gnu-nm -B) interface... BSD nm
checking whether ln -s works... yes
checking the maximum length of command line arguments... 1572864
checking whether the shell understands some XSI constructs... yes
checking whether the shell understands "+="... yes
checking how to convert x86_64-pc-linux-gnu file names to x86_64-pc-linux-gnu format... func_convert_file_noop
checking how to convert x86_64-pc-linux-gnu file names to toolchain format... func_convert_file_noop
checking for /home/core/gentoo/usr/x86_64-pc-linux-gnu/bin/ld option to reload object files... -r
checking for x86_64-pc-linux-gnu-objdump... x86_64-pc-linux-gnu-objdump
checking how to recognize dependent libraries... pass_all
checking for x86_64-pc-linux-gnu-dlltool... no
checking for dlltool... no
checking how to associate runtime and link libraries... printf %s\n
checking for x86_64-pc-linux-gnu-ar... x86_64-pc-linux-gnu-ar
checking for archiver @FILE support... @
checking for x86_64-pc-linux-gnu-strip... x86_64-pc-linux-gnu-strip
checking for x86_64-pc-linux-gnu-ranlib... x86_64-pc-linux-gnu-ranlib
checking command to parse /home/core/gentoo/usr/bin/x86_64-pc-linux-gnu-nm -B output from x86_64-pc-linux-gnu-gcc object... ok
checking for sysroot... no
/home/core/gentoo/var/tmp/portage/sys-kernel/spl-0.6.3/work/spl-spl-0.6.3/configure: line 6460: /usr/bin/file: No such file or directory
checking for x86_64-pc-linux-gnu-mt... no
checking for mt... no
checking if : is a manifest tool... no
checking how to run the C preprocessor... x86_64-pc-linux-gnu-gcc -E
checking for ANSI C header files... yes
checking for sys/types.h... yes
checking for sys/stat.h... yes
checking for stdlib.h... yes
checking for string.h... yes
checking for memory.h... yes
checking for strings.h... yes
checking for inttypes.h... yes
checking for stdint.h... yes
checking for unistd.h... yes
checking for dlfcn.h... yes
checking for objdir... .libs
checking if x86_64-pc-linux-gnu-gcc supports -fno-rtti -fno-exceptions... no
checking for x86_64-pc-linux-gnu-gcc option to produce PIC... -fPIC -DPIC
checking if x86_64-pc-linux-gnu-gcc PIC flag -fPIC -DPIC works... yes
checking if x86_64-pc-linux-gnu-gcc static flag -static works... yes
checking if x86_64-pc-linux-gnu-gcc supports -c -o file.o... yes
checking if x86_64-pc-linux-gnu-gcc supports -c -o file.o... (cached) yes
checking whether the x86_64-pc-linux-gnu-gcc linker (/home/core/gentoo/usr/x86_64-pc-linux-gnu/bin/ld) supports shared libraries... yes
checking whether -lc should be explicitly linked in... no
checking dynamic linker characteristics... GNU/Linux ld.so
checking how to hardcode library paths into programs... immediate
checking whether stripping libraries is possible... yes
checking if libtool supports shared libraries... yes
checking whether to build shared libraries... yes
checking whether to build static libraries... yes
checking spl license... GPL
checking linux distribution... ubuntu
checking default package type... deb
checking whether rpm is available... no
checking whether rpmbuild is available... no
checking whether spec files are available... yes (rpm/generic/*.spec.in)
checking whether dpkg is available... no
checking whether dpkg-buildpackage is available... no
checking whether alien is available... no
checking spl config... all
checking kernel source directory... /home/core/kernel-coreos-3.16.2
checking kernel build directory... /home/core/kernel-coreos-3.16.2
checking kernel source version... 3.16.2+
checking kernel file name for module symbols... Module.symvers
checking whether debugging is enabled... no
checking whether basic debug logging is enabled... no
checking whether basic kmem accounting is enabled... yes
checking whether detailed kmem tracking is enabled... no
checking whether modules can be built... yes
checking whether atomic types use spinlocks... no
checking whether kernel defines atomic64_t... yes
checking whether kernel defines atomic64_cmpxchg... yes
checking whether kernel defines atomic64_xchg... yes
checking whether kernel defines uintptr_t... yes
checking whether register_sysctl_table() wants 2 args... no
checking whether old 2-argument shrinker exists... no
checking whether old 3-argument shrinker exists... no
checking whether new 2-argument shrinker exists... 
/home/core/gentoo/usr/portage/sys-kernel/spl/spl-0.6.3.ebuild: src_configure aborted; exiting.

